[preview.colorlib.com/theme/meranda/index.html]
[backblue.gif]
[fade.gif]
[index.html]
[preview.colorlib.com/theme/meranda/css/jquery.mb.YTPlayer.min.css]
[preview.colorlib.com/theme/meranda/css/A.style.css.pagespeed.cf.2yPk2cBvMB.css]
[preview.colorlib.com/theme/meranda/fonts,_icomoon,_style.css+css,_bootstrap.min.css+css,_jquery-ui.css+css,_owl.carousel.min.css+css,_owl.theme.default.min.css+css,_owl.theme.default.min.css+css,_j]
[preview.colorlib.com/theme/meranda/categories.html]
[preview.colorlib.com/theme/meranda/contact.html]
[preview.colorlib.com/theme/meranda/images/xbig_img_1.jpg.pagespeed.ic.UKA_TdMRvl.jpg]
[preview.colorlib.com/theme/meranda/blog-single.html]
[preview.colorlib.com/theme/meranda/post-single.html]
[preview.colorlib.com/theme/meranda/images/ximg_h_1.jpg.pagespeed.ic.B9PV9Wpp-6.jpg]
[preview.colorlib.com/theme/meranda/images/ximg_v_1.jpg.pagespeed.ic.3I1idqfnsc.jpg]
[preview.colorlib.com/theme/meranda/images/ximg_v_2.jpg.pagespeed.ic.InLUnLj133.jpg]
[preview.colorlib.com/theme/meranda/images/ximg_v_3.jpg.pagespeed.ic.WaENlO8gaw.jpg]
[preview.colorlib.com/theme/meranda/images/ximg_h_4.jpg.pagespeed.ic.QPUtNJLYvL.jpg]
[preview.colorlib.com/theme/meranda/images/ximg_h_3.jpg.pagespeed.ic.kAgsEPQowC.jpg]
[preview.colorlib.com/theme/meranda/js/jquery-3.3.1.min.js]
[preview.colorlib.com/theme/meranda/js/jquery-migrate-3.0.1.min.js+jquery-ui.js+popper.min.js.pagespeed.jc.g3D2aJuc8_.js]
[preview.colorlib.com/theme/meranda/js/bootstrap.min.js]
[preview.colorlib.com/theme/meranda/js/owl.carousel.min.js+jquery.stellar.min.js+jquery.countdown.min.js.pagespeed.jc.ZWnZYRwxEp.js]
[preview.colorlib.com/theme/meranda/js/bootstrap-datepicker.min.js+jquery.easing.1.3.js+aos.js.pagespeed.jc.N-zqvBnqxg.js]
[preview.colorlib.com/theme/meranda/index.html]
[preview.colorlib.com/theme/meranda/js/jquery.fancybox.min.js+jquery.sticky.js.pagespeed.jc.opxTMbg1Qa.js]
[preview.colorlib.com/theme/meranda/js/jquery.mb.YTPlayer.min.js+main.js.pagespeed.jc.EVWM4_VEPC.js]
[preview.colorlib.com/theme/meranda/fonts/icomoon/fonts/icomoon1a44.eot]
[preview.colorlib.com/theme/meranda/fonts/icomoon/fonts/icomoon1a44.woff]
[preview.colorlib.com/theme/meranda/fonts/icomoon/fonts/icomoon1a44.ttf]
[preview.colorlib.com/theme/meranda/css/images/ui-bg_gloss-wave_55_5c9ccc_500x100.png]
[preview.colorlib.com/theme/meranda/css/images/ui-bg_glass_85_dfeffc_1x400.png]
[preview.colorlib.com/theme/meranda/css/images/ui-bg_glass_75_d0e5f5_1x400.png]
[preview.colorlib.com/theme/meranda/fonts/icomoon/fonts/icomoon1a44.svg]
[preview.colorlib.com/theme/meranda/css/images/ui-bg_inset-hard_100_f5f8f9_1x100.png]
[preview.colorlib.com/theme/meranda/css/owl.video.play.png]
[preview.colorlib.com/theme/meranda/fonts/flaticon/font/Flaticon.eot]
[preview.colorlib.com/theme/meranda/fonts/flaticon/font/Flaticond41d.eot]
[preview.colorlib.com/theme/meranda/fonts/flaticon/font/Flaticon.woff2]
[preview.colorlib.com/theme/meranda/fonts/flaticon/font/Flaticon.woff]
[preview.colorlib.com/theme/meranda/fonts/flaticon/font/Flaticon.ttf]
[preview.colorlib.com/theme/meranda/fonts,_icomoon,_style.css+css,_bootstrap.min.css+css,_jquery-ui.css+css,_owl.carousel.min.css+css,_owl.theme.default.min.css+css,_owl.theme.default.min.css+css,_j]
[preview.colorlib.com/theme/meranda/fonts/flaticon/font/Flaticon.svg]
[preview.colorlib.com/theme/meranda/css/font/ytp-regular.eot]
[preview.colorlib.com/theme/meranda/css/jquery.mb.YTPlayer.min.css]
[preview.colorlib.com/theme/meranda/css/A.style.css.pagespeed.cf.2yPk2cBvMB.css]
[preview.colorlib.com/theme/meranda/categories.html]
[preview.colorlib.com/theme/meranda/contact.html]
[preview.colorlib.com/theme/meranda/css/A.jquery.mb.YTPlayer.min.css.pagespeed.cf.N2G3N4O1x5.css]
[preview.colorlib.com/theme/meranda/A.fonts,,_icomoon,,_style.css+css,,_bootstrap.min.css+css,,_jquery-ui.css+css,,_owl.carousel.min.css+css,,_owl.theme.default.min.css+css,,_owl.theme.default.min.c]
[preview.colorlib.com/theme/meranda/images/person_1.jpg]
[preview.colorlib.com/theme/meranda/blog-single.html]
[preview.colorlib.com/theme/meranda/post-single.html]
[preview.colorlib.com/theme/meranda/fonts/icomoon/fonts/icomoon1a44.svg]
[preview.colorlib.com/theme/meranda/css/images/ui-bg_gloss-wave_55_5c9ccc_500x100.html]
[preview.colorlib.com/theme/meranda/css/images/ui-bg_glass_85_dfeffc_1x400.html]
[preview.colorlib.com/theme/meranda/css/images/ui-bg_glass_75_d0e5f5_1x400.html]
[preview.colorlib.com/theme/meranda/css/images/ui-bg_inset-hard_100_f5f8f9_1x100.html]
[preview.colorlib.com/theme/meranda/css/owl.video.play.html]
[preview.colorlib.com/theme/meranda/fonts/flaticon/font/Flaticon.svg]
[preview.colorlib.com/theme/meranda/css/font/ytp-regular.html]
[preview.colorlib.com/theme/meranda/A.fonts,,_icomoon,,_style.css+css,,_bootstrap.min.css+css,,_jquery-ui.css+css,,_owl.carousel.min.css+css,,_owl.theme.default.min.css+css,,_owl.theme.default.min.c]
[preview.colorlib.com/theme/meranda/css/A.jquery.mb.YTPlayer.min.css.pagespeed.cf.N2G3N4O1x5.css]
